{"message":"file not found for module `app`","code":{"code":"E0583","explanation":"A file wasn't found for an out-of-line module.\n\nErroneous code example:\n\n```compile_fail,E0583\nmod file_that_doesnt_exist; // error: file not found for module\n\nfn main() {}\n```\n\nPlease be sure that a file corresponding to the module exists. If you\nwant to use a module named `file_that_doesnt_exist`, you need to have a file\nnamed `file_that_doesnt_exist.rs` or `file_that_doesnt_exist/mod.rs` in the\nsame directory.\n"},"level":"error","spans":[{"file_name":"src/main.rs","byte_start":18,"byte_end":26,"line_start":2,"line_end":2,"column_start":1,"column_end":9,"is_primary":true,"text":[{"text":"mod app;","highlight_start":1,"highlight_end":9}],"label":null,"suggested_replacement":null,"suggestion_applicability":null,"expansion":null}],"children":[{"message":"to create the module `app`, create file \"src/app.rs\" or \"src/app/mod.rs\"","code":null,"level":"help","spans":[],"children":[],"rendered":null}],"rendered":"\u001b[0m\u001b[1m\u001b[38;5;9merror[E0583]\u001b[0m\u001b[0m\u001b[1m: file not found for module `app`\u001b[0m\n\u001b[0m \u001b[0m\u001b[0m\u001b[1m\u001b[38;5;12m--> \u001b[0m\u001b[0msrc/main.rs:2:1\u001b[0m\n\u001b[0m  \u001b[0m\u001b[0m\u001b[1m\u001b[38;5;12m|\u001b[0m\n\u001b[0m\u001b[1m\u001b[38;5;12m2\u001b[0m\u001b[0m \u001b[0m\u001b[0m\u001b[1m\u001b[38;5;12m|\u001b[0m\u001b[0m \u001b[0m\u001b[0mmod app;\u001b[0m\n\u001b[0m  \u001b[0m\u001b[0m\u001b[1m\u001b[38;5;12m| \u001b[0m\u001b[0m\u001b[1m\u001b[38;5;9m^^^^^^^^\u001b[0m\n\u001b[0m  \u001b[0m\u001b[0m\u001b[1m\u001b[38;5;12m|\u001b[0m\n\u001b[0m  \u001b[0m\u001b[0m\u001b[1m\u001b[38;5;12m= \u001b[0m\u001b[0m\u001b[1mhelp\u001b[0m\u001b[0m: to create the module `app`, create file \"src/app.rs\" or \"src/app/mod.rs\"\u001b[0m\n\n"}
{"message":"failed to resolve: could not find `App` in `app`","code":{"code":"E0433","explanation":"An undeclared crate, module, or type was used.\n\nErroneous code example:\n\n```compile_fail,E0433\nlet map = HashMap::new();\n// error: failed to resolve: use of undeclared type `HashMap`\n```\n\nPlease verify you didn't misspell the type/module's name or that you didn't\nforget to import it:\n\n```\nuse std::collections::HashMap; // HashMap has been imported.\nlet map: HashMap<u32, u32> = HashMap::new(); // So it can be used!\n```\n\nIf you've expected to use a crate name:\n\n```compile_fail\nuse ferris_wheel::BigO;\n// error: failed to resolve: use of undeclared crate or module `ferris_wheel`\n```\n\nMake sure the crate has been added as a dependency in `Cargo.toml`.\n\nTo use a module from your current crate, add the `crate::` prefix to the path.\n"},"level":"error","spans":[{"file_name":"src/main.rs","byte_start":311,"byte_end":314,"line_start":19,"line_end":19,"column_start":27,"column_end":30,"is_primary":true,"text":[{"text":"    discord_killer = app::App::new(cli.new_user);","highlight_start":27,"highlight_end":30}],"label":"could not find `App` in `app`","suggested_replacement":null,"suggestion_applicability":null,"expansion":null}],"children":[],"rendered":"\u001b[0m\u001b[1m\u001b[38;5;9merror[E0433]\u001b[0m\u001b[0m\u001b[1m: failed to resolve: could not find `App` in `app`\u001b[0m\n\u001b[0m  \u001b[0m\u001b[0m\u001b[1m\u001b[38;5;12m--> \u001b[0m\u001b[0msrc/main.rs:19:27\u001b[0m\n\u001b[0m   \u001b[0m\u001b[0m\u001b[1m\u001b[38;5;12m|\u001b[0m\n\u001b[0m\u001b[1m\u001b[38;5;12m19\u001b[0m\u001b[0m \u001b[0m\u001b[0m\u001b[1m\u001b[38;5;12m|\u001b[0m\u001b[0m \u001b[0m\u001b[0m    discord_killer = app::App::new(cli.new_user);\u001b[0m\n\u001b[0m   \u001b[0m\u001b[0m\u001b[1m\u001b[38;5;12m| \u001b[0m\u001b[0m                          \u001b[0m\u001b[0m\u001b[1m\u001b[38;5;9m^^^\u001b[0m\u001b[0m \u001b[0m\u001b[0m\u001b[1m\u001b[38;5;9mcould not find `App` in `app`\u001b[0m\n\n"}
{"message":"cannot find type `App` in module `app`","code":{"code":"E0412","explanation":"A used type name is not in scope.\n\nErroneous code examples:\n\n```compile_fail,E0412\nimpl Something {} // error: type name `Something` is not in scope\n\n// or:\n\ntrait Foo {\n    fn bar(N); // error: type name `N` is not in scope\n}\n\n// or:\n\nfn foo(x: T) {} // type name `T` is not in scope\n```\n\nTo fix this error, please verify you didn't misspell the type name, you did\ndeclare it or imported it into the scope. Examples:\n\n```\nstruct Something;\n\nimpl Something {} // ok!\n\n// or:\n\ntrait Foo {\n    type N;\n\n    fn bar(_: Self::N); // ok!\n}\n\n// or:\n\nfn foo<T>(x: T) {} // ok!\n```\n\nAnother case that causes this error is when a type is imported into a parent\nmodule. To fix this, you can follow the suggestion and use File directly or\n`use super::File;` which will import the types from the parent namespace. An\nexample that causes this error is below:\n\n```compile_fail,E0412\nuse std::fs::File;\n\nmod foo {\n    fn some_function(f: File) {}\n}\n```\n\n```\nuse std::fs::File;\n\nmod foo {\n    // either\n    use super::File;\n    // or\n    // use std::fs::File;\n    fn foo(f: File) {}\n}\n# fn main() {} // don't insert it for us; that'll break imports\n```\n"},"level":"error","spans":[{"file_name":"src/main.rs","byte_start":275,"byte_end":278,"line_start":17,"line_end":17,"column_start":34,"column_end":37,"is_primary":true,"text":[{"text":"    let mut discord_killer: app::App;","highlight_start":34,"highlight_end":37}],"label":"not found in `app`","suggested_replacement":null,"suggestion_applicability":null,"expansion":null}],"children":[],"rendered":"\u001b[0m\u001b[1m\u001b[38;5;9merror[E0412]\u001b[0m\u001b[0m\u001b[1m: cannot find type `App` in module `app`\u001b[0m\n\u001b[0m  \u001b[0m\u001b[0m\u001b[1m\u001b[38;5;12m--> \u001b[0m\u001b[0msrc/main.rs:17:34\u001b[0m\n\u001b[0m   \u001b[0m\u001b[0m\u001b[1m\u001b[38;5;12m|\u001b[0m\n\u001b[0m\u001b[1m\u001b[38;5;12m17\u001b[0m\u001b[0m \u001b[0m\u001b[0m\u001b[1m\u001b[38;5;12m|\u001b[0m\u001b[0m \u001b[0m\u001b[0m    let mut discord_killer: app::App;\u001b[0m\n\u001b[0m   \u001b[0m\u001b[0m\u001b[1m\u001b[38;5;12m| \u001b[0m\u001b[0m                                 \u001b[0m\u001b[0m\u001b[1m\u001b[38;5;9m^^^\u001b[0m\u001b[0m \u001b[0m\u001b[0m\u001b[1m\u001b[38;5;9mnot found in `app`\u001b[0m\n\n"}
{"message":"aborting due to 3 previous errors","code":null,"level":"error","spans":[],"children":[],"rendered":"\u001b[0m\u001b[1m\u001b[38;5;9merror\u001b[0m\u001b[0m\u001b[1m: aborting due to 3 previous errors\u001b[0m\n\n"}
{"message":"Some errors have detailed explanations: E0412, E0433, E0583.","code":null,"level":"failure-note","spans":[],"children":[],"rendered":"\u001b[0m\u001b[1mSome errors have detailed explanations: E0412, E0433, E0583.\u001b[0m\n"}
{"message":"For more information about an error, try `rustc --explain E0412`.","code":null,"level":"failure-note","spans":[],"children":[],"rendered":"\u001b[0m\u001b[1mFor more information about an error, try `rustc --explain E0412`.\u001b[0m\n"}
